D:\TEST\SOCKET库\COMMUNICATION\DEBUG\INTERFACE.OBJ
D:\TEST\SOCKET库\COMMUNICATION\DEBUG\VC110.PDB
D:\Test\Socket库\Communication\Debug\Communication.lib
D:\Test\Socket库\Communication\Debug\Communication.exp
D:\TEST\SOCKET库\COMMUNICATION\DEBUG\COMMUNICATION.ILK
D:\TEST\SOCKET库\COMMUNICATION\DEBUG\COMMUNICATION.DLL
D:\TEST\SOCKET库\COMMUNICATION\DEBUG\COMMUNICATION.PDB
D:\Test\Socket库\Communication\Debug\Interface.obj
D:\Test\Socket库\Communication\Debug\Client.ilk
D:\Test\Socket库\Communication\Debug\Communication.ilk
D:\Test\Socket库\Communication\Debug\Server.ilk
D:\Test\Socket库\Communication\Debug\cl.command.1.tlog
D:\Test\Socket库\Communication\Debug\CL.read.1.tlog
D:\Test\Socket库\Communication\Debug\CL.write.1.tlog
D:\Test\Socket库\Communication\Debug\Communication.write.1.tlog
D:\Test\Socket库\Communication\Debug\link-cvtres.read.1.tlog
D:\Test\Socket库\Communication\Debug\link-cvtres.write.1.tlog
D:\Test\Socket库\Communication\Debug\link-rc.read.1.tlog
D:\Test\Socket库\Communication\Debug\link-rc.write.1.tlog
D:\Test\Socket库\Communication\Debug\link.command.1.tlog
D:\Test\Socket库\Communication\Debug\link.read.1.tlog
D:\Test\Socket库\Communication\Debug\link.write.1.tlog
D:\Test\Socket库\Communication\Debug\vc110.idb
D:\Test\Socket库\Communication\Debug\Client.pdb
D:\Test\Socket库\Communication\Debug\Communication.pdb
D:\Test\Socket库\Communication\Debug\Server.pdb
D:\Test\Socket库\Communication\Debug\vc110.pdb
D:\Test\Socket库\Communication\Debug\Communication.dll
